<?xml version="1.0" encoding="UTF-8"?>
<!-- Generated by org.testng.reporters.JUnitReportReporter -->
<testsuite hostname="Tannaz" failures="0" tests="1" name="Projapoti_TestRunner.Projapoti_Testrunner" time="12.855" errors="0" timestamp="2023-10-05T21:26:01 EDT" skipped="0">
  <testcase classname="Projapoti_TestRunner.Projapoti_Testrunner" name="feature" time="12.855"/>
</testsuite> <!-- Projapoti_TestRunner.Projapoti_Testrunner -->
